<?xml version="1.0" encoding="UTF-8"?>
<!-- Generated by org.testng.reporters.JUnitReportReporter -->
<testsuite hostname="WIN-E7AMHRVO9MD" name="com.qaprosoft.carina.demo.testAutoBaraholka" tests="1" failures="0" timestamp="26 Oct 2017 13:10:51 GMT" time="118.869" errors="0">
  <testcase name="filterCars" time="118.869" classname="com.qaprosoft.carina.demo.testAutoBaraholka"/>
</testsuite> <!-- com.qaprosoft.carina.demo.testAutoBaraholka -->
